<?xml version="1.0" encoding="utf-8"?><testsuites name="pytest tests"><testsuite name="pytest" errors="0" failures="0" skipped="7" tests="291" time="14.592" timestamp="2026-02-20T04:46:36.022494+00:00" hostname="16a4e44becd3"><testcase classname="tests.integration.test_advanced_integration" name="test_all_mixins_together_smoke" time="0.024" /><testcase classname="tests.integration.test_mnist_file_logging" name="test_pyfolds_imports_are_stable" time="0.001" /><testcase classname="tests.integration.test_mnist_file_logging" name="test_training_script_runs_end_to_end" time="1.010" /><testcase classname="tests.integration.test_neuron_advanced.TestAdvancedNeuron" name="test_full_pipeline" time="0.063" /><testcase classname="tests.integration.test_neuron_advanced.TestAdvancedNeuron" name="test_backprop_disabled_does_not_apply_dendritic_gain" time="0.007" /><testcase classname="tests.integration.test_temporal_sequence_stability" name="test_forward_sequence_torch_stability_minimal_criteria" time="0.018" /><testcase classname="tests.integration.test_temporal_sequence_stability" name="test_tf_sequence_equivalent_stability_minimal_criteria" time="0.000"><skipped type="pytest.skip" message="TensorFlow não instalado neste ambiente.">/workspace/pyfolds/tests/integration/test_temporal_sequence_stability.py:57: TensorFlow não instalado neste ambiente.</skipped></testcase><testcase classname="tests.integration.test_training_loop.TestTrainingLoop" name="test_batch_training" time="0.106" /><testcase classname="tests.performance.test_memory_usage.TestMemoryUsage" name="test_memory_leak" time="0.162" /><testcase classname="tests.test_corruption_detection" name="test_bit_flip_is_detected" time="0.031" /><testcase classname="tests.test_corruption_detection" name="test_truncation_is_detected" time="0.021" /><testcase classname="tests.test_corruption_detection" name="test_invalid_magic_is_rejected" time="0.138" /><testcase classname="tests.test_corruption_detection" name="test_huge_index_len_dos_guard" time="0.001" /><testcase classname="tests.test_corruption_detection" name="test_partial_read_raises_eoferror" time="0.001" /><testcase classname="tests.test_fold_corruption" name="test_fold_corruption_is_detected" time="0.021" /><testcase classname="tests.test_fold_fuzz" name="test_fold_reader_rejects_random_payload" time="0.001" /><testcase classname="tests.tools.test_batch_create_issues" name="test_validate_batch_structure_duplicate_ids" time="0.001" /><testcase classname="tests.tools.test_create_issue_report" name="test_generate_yaml_frontmatter_contains_id" time="0.001" /><testcase classname="tests.tools.test_link_validation" name="test_validate_links_missing" time="0.002" /><testcase classname="tests.tools.test_sync_hub_auto" name="test_status_to_emoji_done" time="0.001" /><testcase classname="tests.tools.test_validate_issue_format" name="test_validate_structure_filename" time="0.002" /><testcase classname="tests.unit.advanced.test_adaptation.TestAdaptationMixin" name="test_initialization" time="0.007" /><testcase classname="tests.unit.advanced.test_adaptation.TestAdaptationMixin" name="test_adaptation_decay" time="0.006" /><testcase classname="tests.unit.advanced.test_adaptation.TestAdaptationMixin" name="test_adaptation_increment" time="0.006" /><testcase classname="tests.unit.advanced.test_adaptation.TestAdaptationMixin" name="test_adaptation_respects_string_inference_mode" time="0.008" /><testcase classname="tests.unit.advanced.test_adaptation.TestAdaptationMixin" name="test_forward_updates_u_for_downstream_mixins" time="0.012" /><testcase classname="tests.unit.advanced.test_backprop.TestBackpropMixin" name="test_initialization" time="0.010" /><testcase classname="tests.unit.advanced.test_backprop.TestBackpropMixin" name="test_backprop_queue" time="0.013" /><testcase classname="tests.unit.advanced.test_backprop.TestBackpropMixin" name="test_dendrite_amplification_decay" time="0.010" /><testcase classname="tests.unit.advanced.test_backprop.TestBackpropMixin" name="test_bap_proportional_uses_dendritic_contribution" time="0.007" /><testcase classname="tests.unit.advanced.test_backprop.TestBackpropMixin" name="test_time_counter_advances_only_after_forward" time="0.005" /><testcase classname="tests.unit.advanced.test_inhibition.TestInhibitionLayer" name="test_initialization" time="0.002" /><testcase classname="tests.unit.advanced.test_inhibition.TestInhibitionLayer" name="test_lateral_kernel" time="0.002" /><testcase classname="tests.unit.advanced.test_inhibition.TestInhibitionLayer" name="test_forward_feedforward" time="0.002" /><testcase classname="tests.unit.advanced.test_inhibition.TestInhibitionLayer" name="test_apply_inhibition_accepts_u_values" time="0.002" /><testcase classname="tests.unit.advanced.test_inhibition.TestInhibitionLayer" name="test_e2i_initialization_is_deterministic" time="0.003" /><testcase classname="tests.unit.advanced.test_inhibition.TestInhibitionMixin" name="test_forward_requires_initialized_inhibition" time="0.001" /><testcase classname="tests.unit.advanced.test_refractory.TestRefractoryMixin" name="test_initialization" time="0.006" /><testcase classname="tests.unit.advanced.test_refractory.TestRefractoryMixin" name="test_check_refractory_periods" time="0.006" /><testcase classname="tests.unit.advanced.test_refractory.TestRefractoryMixin" name="test_update_refractory" time="0.006" /><testcase classname="tests.unit.advanced.test_refractory.TestRefractoryMixin" name="test_refractory_blocks_spikes" time="0.014" /><testcase classname="tests.unit.advanced.test_refractory.TestRefractoryMixin" name="test_forward_increments_time_once" time="0.010" /><testcase classname="tests.unit.advanced.test_refractory.TestRefractoryMixin" name="test_homeostasis_does_not_update_theta_in_refractory" time="0.013" /><testcase classname="tests.unit.advanced.test_short_term.TestShortTermDynamicsMixin" name="test_initialization" time="0.006" /><testcase classname="tests.unit.advanced.test_short_term.TestShortTermDynamicsMixin" name="test_update_no_spikes" time="0.007" /><testcase classname="tests.unit.advanced.test_short_term.TestShortTermDynamicsMixin" name="test_update_with_spikes" time="0.006" /><testcase classname="tests.unit.advanced.test_short_term.TestShortTermDynamicsMixin" name="test_tsodyks_markram_recovery" time="0.164" /><testcase classname="tests.unit.advanced.test_short_term.TestShortTermDynamicsMixin" name="test_update_aligns_stp_buffers_to_input_device" time="0.002"><skipped type="pytest.skip" message="CUDA not available">/workspace/pyfolds/tests/unit/advanced/test_short_term.py:95: CUDA not available</skipped></testcase><testcase classname="tests.unit.advanced.test_short_term.TestShortTermDynamicsMixin" name="test_stp_buffers_remain_registered_after_device_alignment" time="0.007" /><testcase classname="tests.unit.advanced.test_stdp.TestSTDPMixin" name="test_initialization" time="0.006" /><testcase classname="tests.unit.advanced.test_stdp.TestSTDPMixin" name="test_trace_decay" time="0.007" /><testcase classname="tests.unit.advanced.test_stdp.TestSTDPMixin" name="test_pre_spike_updates_trace" time="0.009" /><testcase classname="tests.unit.advanced.test_stdp.TestSTDPMixin" name="test_should_apply_stdp" time="0.006" /><testcase classname="tests.unit.advanced.test_stdp.TestSTDPMixin" name="test_stdp_updates_underlying_synapses_online" time="0.008" /><testcase classname="tests.unit.advanced.test_stdp.TestSTDPMixin" name="test_stdp_input_source_raw_vs_stp" time="0.009" /><testcase classname="tests.unit.advanced.test_stdp.TestSTDPMixin" name="test_ltd_rule_classic_vs_current" time="0.005" /><testcase classname="tests.unit.advanced.test_stdp.TestSTDPMixin" name="test_stdp_update_is_batch_size_invariant_for_identical_samples" time="0.003" /><testcase classname="tests.unit.core.test_accumulator.TestStatisticsAccumulator" name="test_initialization" time="0.001" /><testcase classname="tests.unit.core.test_accumulator.TestStatisticsAccumulator" name="test_accumulate" time="0.001" /><testcase classname="tests.unit.core.test_accumulator.TestStatisticsAccumulator" name="test_history_respects_max_len" time="0.003" /><testcase classname="tests.unit.core.test_accumulator.TestStatisticsAccumulator" name="test_accumulate_rejects_invalid_shape" time="0.001" /><testcase classname="tests.unit.core.test_accumulator.TestStatisticsAccumulator" name="test_track_extra_accumulates_scalars_and_vectors" time="0.002" /><testcase classname="tests.unit.core.test_accumulator.TestStatisticsAccumulator" name="test_reset_clears_state_and_history" time="0.001" /><testcase classname="tests.unit.core.test_config.TestMPJRDConfig" name="test_default_values" time="0.001" /><testcase classname="tests.unit.core.test_config.TestMPJRDConfig" name="test_custom_values" time="0.001" /><testcase classname="tests.unit.core.test_config.TestMPJRDConfig" name="test_validation" time="0.001" /><testcase classname="tests.unit.core.test_config.TestMPJRDConfig" name="test_get_decay_rate_validation" time="0.001" /><testcase classname="tests.unit.core.test_config.TestMPJRDConfig" name="test_get_decay_rate_negative_dt_validation" time="0.001" /><testcase classname="tests.unit.core.test_config.TestMPJRDConfig" name="test_numerical_safety_validation" time="0.001" /><testcase classname="tests.unit.core.test_config.TestMPJRDConfig" name="test_dendritic_integration_validation[kwargs0]" time="0.001" /><testcase classname="tests.unit.core.test_config.TestMPJRDConfig" name="test_dendritic_integration_validation[kwargs1]" time="0.001" /><testcase classname="tests.unit.core.test_config.TestMPJRDConfig" name="test_dendritic_integration_validation[kwargs2]" time="0.001" /><testcase classname="tests.unit.core.test_config.TestMPJRDConfig" name="test_dendritic_integration_validation[kwargs3]" time="0.001" /><testcase classname="tests.unit.core.test_config.TestMPJRDConfig" name="test_dendritic_integration_validation[kwargs4]" time="0.001" /><testcase classname="tests.unit.core.test_config" name="test_hebbian_ltd_ratio_must_be_non_negative" time="0.001" /><testcase classname="tests.unit.core.test_config_advanced_order_flags" name="test_accepts_stdp_source_and_ltd_rule_flags" time="0.001" /><testcase classname="tests.unit.core.test_config_advanced_order_flags" name="test_rejects_invalid_order_flags[kwargs0]" time="0.001" /><testcase classname="tests.unit.core.test_config_advanced_order_flags" name="test_rejects_invalid_order_flags[kwargs1]" time="0.001" /><testcase classname="tests.unit.core.test_dendrite.TestMPJRDDendrite" name="test_initialization" time="0.002" /><testcase classname="tests.unit.core.test_dendrite.TestMPJRDDendrite" name="test_forward" time="0.002" /><testcase classname="tests.unit.core.test_dendrite.TestMPJRDDendrite" name="test_u_R_optional_state" time="0.002" /><testcase classname="tests.unit.core.test_dendrite.TestMPJRDDendrite" name="test_update_uses_local_pre_rate_per_synapse" time="0.005" /><testcase classname="tests.unit.core.test_factory" name="test_create_neuron_infers_standard_type" time="0.015" /><testcase classname="tests.unit.core.test_factory" name="test_create_neuron_infers_wave_type" time="0.018" /><testcase classname="tests.unit.core.test_factory" name="test_factory_raises_for_unregistered_type" time="0.001" /><testcase classname="tests.unit.core.test_health_monitor" name="test_health_monitor_runs_and_scores" time="0.004" /><testcase classname="tests.unit.core.test_homeostasis.TestHomeostasisController" name="test_initialization" time="0.001" /><testcase classname="tests.unit.core.test_homeostasis.TestHomeostasisController" name="test_update" time="0.001" /><testcase classname="tests.unit.core.test_homeostasis.TestHomeostasisController" name="test_is_stable_accepts_tolerance" time="0.001" /><testcase classname="tests.unit.core.test_homeostasis.TestHomeostasisController" name="test_update_limits_theta_step" time="0.001" /><testcase classname="tests.unit.core.test_homeostasis.TestHomeostasisController" name="test_dead_neuron_rescue_has_minimum_strength" time="0.001" /><testcase classname="tests.unit.core.test_input_validation_contract" name="test_neuron_rejects_non_tensor_input" time="0.003" /><testcase classname="tests.unit.core.test_input_validation_contract" name="test_neuron_rejects_input_from_different_device" time="0.003" /><testcase classname="tests.unit.core.test_input_validation_contract" name="test_layer_prepare_input_accepts_supported_shapes" time="0.008" /><testcase classname="tests.unit.core.test_input_validation_contract" name="test_layer_prepare_input_rejects_invalid_shape" time="0.011" /><testcase classname="tests.unit.core.test_monitoring_and_checkpoint" name="test_health_check_critical_for_dead_neurons" time="0.001" /><testcase classname="tests.unit.core.test_monitoring_and_checkpoint" name="test_health_check_uses_fallback_metrics_from_get_metrics_contract" time="0.001" /><testcase classname="tests.unit.core.test_monitoring_and_checkpoint" name="test_versioned_checkpoint_save_and_load" time="0.027" /><testcase classname="tests.unit.core.test_monitoring_and_checkpoint" name="test_versioned_checkpoint_metadata_created_at_is_utc" time="0.018" /><testcase classname="tests.unit.core.test_neuromodulation.TestNeuromodulator" name="test_external_mode" time="0.001" /><testcase classname="tests.unit.core.test_neuromodulation.TestNeuromodulator" name="test_surprise_mode" time="0.001" /><testcase classname="tests.unit.core.test_neuromodulation.TestNeuromodulator" name="test_rejects_non_finite_inputs" time="0.002" /><testcase classname="tests.unit.core.test_neuromodulation.TestNeuromodulator" name="test_infers_output_device_from_tensor_inputs" time="0.001" /><testcase classname="tests.unit.core.test_neuron.TestMPJRDNeuron" name="test_initialization" time="0.004" /><testcase classname="tests.unit.core.test_neuron.TestMPJRDNeuron" name="test_forward" time="0.005" /><testcase classname="tests.unit.core.test_neuron.TestMPJRDNeuron" name="test_nmda_shunting_exposes_dendritic_contribution" time="0.005" /><testcase classname="tests.unit.core.test_neuron.TestMPJRDNeuron" name="test_step_alias" time="0.005" /><testcase classname="tests.unit.core.test_neuron.TestMPJRDNeuron" name="test_forward_mode_override_is_reported" time="0.006" /><testcase classname="tests.unit.core.test_neuron.TestMPJRDNeuron" name="test_online_plasticity_updates_when_not_deferred" time="0.011" /><testcase classname="tests.unit.core.test_neuron.TestMPJRDNeuron" name="test_batch_plasticity_preserves_local_pre_synaptic_rate" time="0.007" /><testcase classname="tests.unit.core.test_neuron.TestMPJRDNeuron" name="test_modes[online]" time="0.004" /><testcase classname="tests.unit.core.test_neuron.TestMPJRDNeuron" name="test_modes[batch]" time="0.004" /><testcase classname="tests.unit.core.test_neuron.TestMPJRDNeuron" name="test_modes[inference]" time="0.003" /><testcase classname="tests.unit.core.test_neuron.TestMPJRDNeuron" name="test_nmda_theta_eff_caps_unreachable_threshold" time="0.004" /><testcase classname="tests.unit.core.test_neuron_v2" name="test_forward_shapes_v2" time="0.004" /><testcase classname="tests.unit.core.test_neuron_v2" name="test_cooperative_sum_uses_multiple_dendrites" time="0.003" /><testcase classname="tests.unit.core.test_neuron_v2" name="test_step_id_thread_safe_increment_v2" time="0.078" /><testcase classname="tests.unit.core.test_neuron_v2" name="test_theta_eff_caps_unreachable_threshold" time="0.004" /><testcase classname="tests.unit.core.test_neuron_v2" name="test_vectorization_and_forward_integrity_batch64" time="0.021" /><testcase classname="tests.unit.core.test_synapse.TestMPJRDSynapse" name="test_initialization" time="0.001" /><testcase classname="tests.unit.core.test_synapse.TestMPJRDSynapse" name="test_ltp" time="0.002" /><testcase classname="tests.unit.core.test_synapse.TestMPJRDSynapse" name="test_update_respects_plastic_flag" time="0.001" /><testcase classname="tests.unit.core.test_synapse.TestMPJRDSynapse" name="test_update_filters_inactive_pre_synaptic_activity" time="0.002" /><testcase classname="tests.unit.core.test_synapse.TestMPJRDSynapse" name="test_update_uses_absolute_dt_and_mode_multiplier" time="0.002" /><testcase classname="tests.unit.core.test_synapse.TestMPJRDSynapse" name="test_saturation_recovery_disables_protection_after_timeout" time="0.002" /><testcase classname="tests.unit.core.test_synapse.TestMPJRDSynapse" name="test_negative_neuromodulation_promotes_ltd" time="0.002" /><testcase classname="tests.unit.core.test_synapse.TestMPJRDSynapse" name="test_consolidate_transfers_eligibility_and_decays_internal_potential" time="0.001" /><testcase classname="tests.unit.core.test_synapse.TestMPJRDSynapse" name="test_update_supports_explicit_hebbian_ltd_component" time="0.002" /><testcase classname="tests.unit.network.test_network_edge_cases" name="test_prepare_input_with_single_dendrite_avoids_division_by_zero" time="0.017" /><testcase classname="tests.unit.neuron.test_adaptation_sfa" name="test_sfa_applies_before_threshold_and_reduces_spiking_probability" time="0.026" /><testcase classname="tests.unit.neuron.test_backprop_bap" name="test_bap_amplification_changes_dendritic_computation_and_clamps_gain" time="0.062" /><testcase classname="tests.unit.neuron.test_contract_conformance" name="test_torch_contract_invariants_order_and_time_step_end_of_step" time="0.001" /><testcase classname="tests.unit.neuron.test_contract_conformance" name="test_torch_and_tf_contract_conformance_with_same_artificial_input_and_tolerance" time="0.002"><skipped type="pytest.skip" message="could not import 'tensorflow': No module named 'tensorflow'">/workspace/pyfolds/tests/unit/neuron/test_contract_conformance.py:30: could not import 'tensorflow': No module named 'tensorflow'</skipped></testcase><testcase classname="tests.unit.neuron.test_integration_stability" name="test_forward_clamps_non_finite_dendritic_sum" time="0.020" /><testcase classname="tests.unit.neuron.test_refractory" name="test_absolute_refractory_is_inviolable" time="0.032" /><testcase classname="tests.unit.neuron.test_stp_stdp_contracts" name="test_stdp_reads_pre_stp_input_for_pre_spikes_and_ltd_uses_pre_spike_gate" time="0.005" /><testcase classname="tests.unit.neuron.test_time_counter" name="test_time_counter_increments_at_end_of_forward_step" time="0.028" /><testcase classname="tests.unit.serialization.test_foldio" name="test_fold_roundtrip_and_peek" time="0.037" /><testcase classname="tests.unit.serialization.test_foldio" name="test_fold_roundtrip_preserves_state_dict_after_forward_steps" time="0.055" /><testcase classname="tests.unit.serialization.test_foldio" name="test_training_then_save_with_telemetry_and_history_and_nuclear_arrays" time="0.027" /><testcase classname="tests.unit.serialization.test_foldio" name="test_detects_corruption" time="0.019" /><testcase classname="tests.unit.serialization.test_foldio" name="test_hierarchical_hashes_present_in_metadata" time="0.017" /><testcase classname="tests.unit.serialization.test_foldio" name="test_ecc_from_protection_mapping" time="0.003" /><testcase classname="tests.unit.serialization.test_foldio" name="test_ecc_roundtrip_if_available" time="0.124" /><testcase classname="tests.unit.serialization.test_foldio" name="test_crc32c_matches_known_vector" time="0.001" /><testcase classname="tests.unit.serialization.test_foldio" name="test_fold_reader_bounds_validation_with_mmap" time="0.002" /><testcase classname="tests.unit.serialization.test_foldio" name="test_fold_reader_bounds_validation_negative_values" time="0.002" /><testcase classname="tests.unit.serialization.test_foldio" name="test_fold_reader_index_size_validation" time="0.001" /><testcase classname="tests.unit.serialization.test_foldio" name="test_fold_reader_index_offset_validation" time="0.001" /><testcase classname="tests.unit.serialization.test_foldio" name="test_fold_reader_header_len_validation" time="0.002" /><testcase classname="tests.unit.serialization.test_foldio" name="test_fold_writer_finalize_wraps_io_failure_with_phase_context" time="0.002" /><testcase classname="tests.unit.serialization.test_foldio" name="test_fold_reader_reports_magic_values" time="0.001" /><testcase classname="tests.unit.serialization.test_foldio" name="test_fold_reader_exit_closes_file_even_if_mmap_close_fails" time="0.001" /><testcase classname="tests.unit.serialization.test_foldio" name="test_fold_writer_finalize_wraps_failures_with_phase[write_index-&lt;lambda&gt;-flush failed]" time="0.003" /><testcase classname="tests.unit.serialization.test_foldio" name="test_fold_writer_finalize_wraps_failures_with_phase[fsync_index-&lt;lambda&gt;-fsync index failed]" time="0.003" /><testcase classname="tests.unit.serialization.test_foldio" name="test_fold_writer_finalize_wraps_failures_with_phase[write_header-&lt;lambda&gt;-seek failed]" time="0.006" /><testcase classname="tests.unit.serialization.test_foldio" name="test_fold_writer_finalize_wraps_failures_with_phase[write_header-&lt;lambda&gt;-write failed]" time="0.004" /><testcase classname="tests.unit.serialization.test_foldio" name="test_fold_manifest_includes_governance_sections" time="0.020" /><testcase classname="tests.unit.serialization.test_foldio" name="test_fold_signature_roundtrip_if_cryptography_available" time="0.002"><skipped type="pytest.skip" message="could not import 'cryptography.hazmat.primitives.serialization': No module named 'cryptography'">/workspace/pyfolds/tests/unit/serialization/test_foldio.py:451: could not import 'cryptography.hazmat.primitives.serialization': No module named 'cryptography'</skipped></testcase><testcase classname="tests.unit.telemetry.test_controller.TestTelemetryController" name="test_initialization" time="0.001" /><testcase classname="tests.unit.telemetry.test_controller.TestTelemetryController" name="test_profile_off" time="0.001" /><testcase classname="tests.unit.telemetry.test_controller.TestTelemetryController" name="test_profile_light" time="0.001" /><testcase classname="tests.unit.telemetry.test_controller.TestTelemetryController" name="test_profile_heavy" time="0.001" /><testcase classname="tests.unit.telemetry.test_controller.TestTelemetryController" name="test_should_emit_sample" time="0.001" /><testcase classname="tests.unit.telemetry.test_controller.TestTelemetryController" name="test_step_count_increments" time="0.001" /><testcase classname="tests.unit.telemetry.test_controller.TestTelemetryController" name="test_snapshot_and_clear" time="0.001" /><testcase classname="tests.unit.telemetry.test_controller.TestTelemetryController" name="test_get_stats" time="0.001" /><testcase classname="tests.unit.telemetry.test_decorator.TestTelemetryDecorator" name="test_decorator_basic" time="0.001" /><testcase classname="tests.unit.telemetry.test_decorator.TestTelemetryDecorator" name="test_decorator_with_sample_rate" time="0.009" /><testcase classname="tests.unit.telemetry.test_decorator.TestTelemetryDecorator" name="test_decorator_lazy_evaluation" time="0.001" /><testcase classname="tests.unit.telemetry.test_ringbuffer.TestRingBuffer" name="test_append" time="0.001" /><testcase classname="tests.unit.telemetry.test_ringbuffer.TestRingBuffer" name="test_snapshot_with_none" time="0.001" /><testcase classname="tests.unit.telemetry.test_ringbuffer.TestRingBuffer" name="test_empty_snapshot" time="0.001" /><testcase classname="tests.unit.telemetry.test_ringbuffer.TestRingBuffer" name="test_len" time="0.000" /><testcase classname="tests.unit.telemetry.test_ringbuffer.TestRingBuffer" name="test_clear" time="0.001" /><testcase classname="tests.unit.telemetry.test_ringbuffer.TestRingBuffer" name="test_capacity_property" time="0.000" /><testcase classname="tests.unit.telemetry.test_ringbuffer.TestRingBuffer" name="test_is_full" time="0.000" /><testcase classname="tests.unit.telemetry.test_ringbuffer.TestRingBuffer" name="test_extend" time="0.000" /><testcase classname="tests.unit.telemetry.test_ringbuffer.TestRingBuffer" name="test_thread_safety" time="0.002" /><testcase classname="tests.unit.telemetry.test_sinks.TestMemorySink" name="test_emit" time="0.001" /><testcase classname="tests.unit.telemetry.test_sinks.TestMemorySink" name="test_capacity_limit" time="0.001" /><testcase classname="tests.unit.telemetry.test_sinks.TestMemorySink" name="test_clear" time="0.001" /><testcase classname="tests.unit.telemetry.test_sinks.TestConsoleSink" name="test_verbose" time="0.001" /><testcase classname="tests.unit.telemetry.test_sinks.TestConsoleSink" name="test_non_verbose" time="0.001" /><testcase classname="tests.unit.telemetry.test_sinks.TestJSONLinesSink" name="test_emit_basic" time="0.002" /><testcase classname="tests.unit.telemetry.test_sinks.TestJSONLinesSink" name="test_truncate_mode" time="0.002" /><testcase classname="tests.unit.telemetry.test_sinks.TestJSONLinesSink" name="test_append_mode" time="0.002" /><testcase classname="tests.unit.telemetry.test_sinks.TestJSONLinesSink" name="test_tensor_serialization" time="0.002" /><testcase classname="tests.unit.telemetry.test_sinks.TestJSONLinesSink" name="test_depth_limit_serialization" time="0.001" /><testcase classname="tests.unit.telemetry.test_sinks.TestJSONLinesSink" name="test_non_serializable_fallback" time="0.002" /><testcase classname="tests.unit.telemetry.test_sinks.TestDistributorSink" name="test_distributes_to_all_sinks" time="0.002" /><testcase classname="tests.unit.telemetry.test_sinks.TestDistributorSink" name="test_sink_failure_doesnt_affect_others" time="0.001" /><testcase classname="tests.unit.telemetry.test_types.TestPayloadTypes" name="test_forward_payload" time="0.001" /><testcase classname="tests.unit.telemetry.test_types.TestPayloadTypes" name="test_commit_payload" time="0.001" /><testcase classname="tests.unit.telemetry.test_types.TestPayloadTypes" name="test_sleep_payload" time="0.001" /><testcase classname="tests.unit.test_backend_contracts" name="test_import_and_object_construction_v1_v2" time="0.006" /><testcase classname="tests.unit.test_backend_contracts" name="test_torch_backend_shape_and_state_contracts" time="0.007" /><testcase classname="tests.unit.test_backend_contracts" name="test_torch_backend_v2_accepts_multidim_batch_contract" time="0.004" /><testcase classname="tests.unit.test_backend_contracts" name="test_tf_backend_conditional_shape_state_contracts" time="0.000"><skipped type="pytest.skip" message="TensorFlow não instalado neste ambiente.">/workspace/pyfolds/tests/unit/test_backend_contracts.py:81: TensorFlow não instalado neste ambiente.</skipped></testcase><testcase classname="tests.unit.test_design_improvements" name="test_factory_creates_builtin_types" time="0.005" /><testcase classname="tests.unit.test_design_improvements" name="test_factory_custom_registry_and_unknown_type" time="0.001" /><testcase classname="tests.unit.test_design_improvements" name="test_learning_mode_context_restores_even_on_error" time="0.003" /><testcase classname="tests.unit.test_design_improvements" name="test_network_builder_connects_layers_and_builds" time="0.012" /><testcase classname="tests.unit.test_layer_neuron_class" name="test_layer_accepts_neuron_v2" time="0.011" /><testcase classname="tests.unit.test_layer_neuron_class" name="test_layer_rejects_invalid_neuron_cls" time="0.001" /><testcase classname="tests.unit.test_layer_neuron_class" name="test_layer_has_no_legacy_neuron_class_attr" time="0.007" /><testcase classname="tests.unit.test_layer_neuron_class" name="test_layer_forwards_dt_to_neurons" time="0.010" /><testcase classname="tests.unit.test_learning_mode_consistency" name="test_learning_mode_single_source" time="0.001" /><testcase classname="tests.unit.test_learning_mode_consistency" name="test_learning_mode_from_string" time="0.000" /><testcase classname="tests.unit.test_learning_mode_consistency" name="test_layer_accepts_mode_string" time="0.007" /><testcase classname="tests.unit.test_learning_mode_consistency" name="test_layer_accepts_mode_enum" time="0.007" /><testcase classname="tests.unit.test_learning_mode_consistency" name="test_layer_rejects_invalid_mode" time="0.004" /><testcase classname="tests.unit.test_learning_mode_consistency" name="test_network_accepts_mode_string" time="0.007" /><testcase classname="tests.unit.test_learning_mode_consistency" name="test_network_rejects_invalid_mode" time="0.004" /><testcase classname="tests.unit.test_public_import_surface" name="test_public_all_exports_are_importable" time="0.001" /><testcase classname="tests.unit.test_public_import_surface" name="test_v2_surface_is_canonical_and_instantiable" time="0.018" /><testcase classname="tests.unit.test_public_import_surface" name="test_v1_aliases_emit_deprecation_warning_and_match_v2_targets_until_2_0" time="0.001" /><testcase classname="tests.unit.test_public_import_surface" name="test_telemetry_controller_basic_flow" time="0.001" /><testcase classname="tests.unit.test_run_pyfolds_runner" name="test_runner_logs_syntax_error" time="0.292" /><testcase classname="tests.unit.test_run_pyfolds_runner" name="test_runner_logs_runtime_error_and_propagates_exit_code" time="0.275" /><testcase classname="tests.unit.test_run_pyfolds_runner" name="test_runner_tee_prints_progress" time="0.276" /><testcase classname="tests.unit.test_run_pyfolds_runner" name="test_runner_timeout_watchdog" time="0.668" /><testcase classname="tests.unit.test_run_pyfolds_runner" name="test_runner_retry_and_metrics_csv" time="0.456" /><testcase classname="tests.unit.test_tf_backend" name="test_importing_pyfolds_still_works_without_tensorflow" time="0.001" /><testcase classname="tests.unit.test_tf_backend" name="test_tf_backend_guard_when_tensorflow_is_missing" time="0.002" /><testcase classname="tests.unit.test_tf_backend" name="test_tf_cell_state_and_step_contract" time="0.001"><skipped type="pytest.skip" message="could not import 'tensorflow': No module named 'tensorflow'">/workspace/pyfolds/tests/unit/test_tf_backend.py:25: could not import 'tensorflow': No module named 'tensorflow'</skipped></testcase><testcase classname="tests.unit.test_tf_backend" name="test_tf_layer_integrates_with_keras_rnn" time="0.001"><skipped type="pytest.skip" message="could not import 'tensorflow': No module named 'tensorflow'">/workspace/pyfolds/tests/unit/test_tf_backend.py:40: could not import 'tensorflow': No module named 'tensorflow'</skipped></testcase><testcase classname="tests.unit.utils.test_device.TestDevice" name="test_infer_device" time="0.001" /><testcase classname="tests.unit.utils.test_device.TestDevice" name="test_get_device" time="0.001" /><testcase classname="tests.unit.utils.test_math.TestMath" name="test_safe_div" time="0.001" /><testcase classname="tests.unit.utils.test_math.TestMath" name="test_clamp_rate" time="0.001" /><testcase classname="tests.unit.utils.test_math.TestMath" name="test_clamp_R" time="0.001" /><testcase classname="tests.unit.utils.test_math.TestMath" name="test_safe_weight_law_is_bounded_and_finite" time="0.001" /><testcase classname="tests.unit.utils.test_types.TestTypes" name="test_learning_mode" time="0.001" /><testcase classname="tests.unit.utils.test_types.TestTypes" name="test_connection_type" time="0.001" /><testcase classname="tests.unit.utils.test_utils.TestMath" name="test_safe_div_basic" time="0.001" /><testcase classname="tests.unit.utils.test_utils.TestMath" name="test_safe_div_by_zero" time="0.001" /><testcase classname="tests.unit.utils.test_utils.TestMath" name="test_clamp_rate_tensor" time="0.001" /><testcase classname="tests.unit.utils.test_utils.TestMath" name="test_clamp_rate_float" time="0.001" /><testcase classname="tests.unit.utils.test_utils.TestMath" name="test_clamp_R_tensor" time="0.001" /><testcase classname="tests.unit.utils.test_utils.TestMath" name="test_clamp_R_float" time="0.001" /><testcase classname="tests.unit.utils.test_utils.TestMath" name="test_xavier_init_shape" time="0.001" /><testcase classname="tests.unit.utils.test_utils.TestMath" name="test_xavier_init_gain" time="0.044" /><testcase classname="tests.unit.utils.test_utils.TestMath" name="test_calculate_vc_dimension" time="0.000" /><testcase classname="tests.unit.utils.test_utils.TestDevice" name="test_infer_device_none" time="0.001" /><testcase classname="tests.unit.utils.test_utils.TestDevice" name="test_infer_device_tensor_cpu" time="0.000" /><testcase classname="tests.unit.utils.test_utils.TestDevice" name="test_infer_device_tensor_cuda" time="0.000" /><testcase classname="tests.unit.utils.test_utils.TestDevice" name="test_infer_device_dict" time="0.001" /><testcase classname="tests.unit.utils.test_utils.TestDevice" name="test_infer_device_empty_dict" time="0.001" /><testcase classname="tests.unit.utils.test_utils.TestDevice" name="test_ensure_device_no_change" time="0.001" /><testcase classname="tests.unit.utils.test_utils.TestDevice" name="test_ensure_device_move" time="0.001" /><testcase classname="tests.unit.utils.test_utils.TestDevice" name="test_get_device_default" time="0.001" /><testcase classname="tests.unit.utils.test_utils.TestDevice" name="test_get_device_specific" time="0.000" /><testcase classname="tests.unit.utils.test_utils.TestTypes" name="test_learning_mode_values" time="0.001" /><testcase classname="tests.unit.utils.test_utils.TestTypes" name="test_learning_mode_description" time="0.000" /><testcase classname="tests.unit.utils.test_utils.TestTypes" name="test_learning_rate_multiplier" time="0.001" /><testcase classname="tests.unit.utils.test_utils.TestTypes" name="test_is_learning" time="0.000" /><testcase classname="tests.unit.utils.test_utils.TestTypes" name="test_is_consolidating" time="0.000" /><testcase classname="tests.unit.utils.test_utils.TestTypes" name="test_connection_type" time="0.001" /><testcase classname="tests.unit.utils.test_utils.TestTypes" name="test_mode_config_defaults" time="0.000" /><testcase classname="tests.unit.utils.test_utils.TestTypes" name="test_mode_config_get_learning_rate" time="0.001" /><testcase classname="tests.unit.utils.test_utils.TestTypes" name="test_mode_config_get_consolidation_factor" time="0.001" /><testcase classname="tests.unit.utils.test_utils.TestLogging" name="test_trace_level_defined" time="0.000" /><testcase classname="tests.unit.utils.test_utils.TestLogging" name="test_trace_method_exists" time="0.001" /><testcase classname="tests.unit.utils.test_utils.TestLogging" name="test_get_logger" time="0.003" /><testcase classname="tests.unit.utils.test_utils.TestLogging" name="test_pyfolds_logger_singleton" time="0.001" /><testcase classname="tests.unit.utils.test_utils.TestLogging" name="test_logger_setup_basic" time="0.002" /><testcase classname="tests.unit.utils.test_utils.TestLogging" name="test_logger_trace_output" time="0.001" /><testcase classname="tests.unit.utils.test_utils.TestLogging" name="test_logger_trace_silent_when_lower_level" time="0.002" /><testcase classname="tests.unit.utils.test_utils.TestLogging" name="test_import_pyfolds_does_not_add_stream_handler" time="3.761" /><testcase classname="tests.unit.utils.test_utils.TestLogging" name="test_setup_run_logging_returns_logger_and_path" time="0.003" /><testcase classname="tests.unit.utils.test_utils.TestLogging" name="test_logger_file_handler" time="0.002" /><testcase classname="tests.unit.utils.test_utils.TestLogging" name="test_logger_console_false_keeps_terminal_clean" time="0.003" /><testcase classname="tests.unit.utils.test_utils.TestLogging" name="test_logger_fixed_layout" time="0.003" /><testcase classname="tests.unit.utils.test_utils.TestLogging" name="test_build_log_path_increments_counter" time="0.002" /><testcase classname="tests.unit.utils.test_utils.TestLogging" name="test_next_log_path_alias" time="0.001" /><testcase classname="tests.unit.utils.test_utils.TestLogging" name="test_logger_circular_buffer_file_handler" time="0.003" /><testcase classname="tests.unit.utils.test_utils.TestLogging" name="test_multiple_loggers_same_name" time="0.001" /><testcase classname="tests.unit.utils.test_utils.TestLogging" name="test_module_levels" time="0.001" /><testcase classname="tests.unit.utils.test_utils.TestIntegration" name="test_logging_with_device" time="0.001" /><testcase classname="tests.unit.utils.test_utils.TestIntegration" name="test_learning_mode_with_math" time="0.001" /><testcase classname="tests.unit.utils.test_utils.TestIntegration" name="test_device_with_tensor_ops" time="0.001" /><testcase classname="tests.unit.utils.test_validation" name="test_neuron_forward_validation_ndim" time="0.003" /><testcase classname="tests.unit.utils.test_validation" name="test_neuron_forward_validation_dtype" time="0.003" /><testcase classname="tests.unit.wave.test_wave_config" name="test_wave_config_defaults_valid" time="0.001" /><testcase classname="tests.unit.wave.test_wave_config" name="test_wave_config_rejects_invalid_buffer" time="0.001" /><testcase classname="tests.unit.wave.test_wave_layer_network" name="test_wave_layer_exposes_wave_outputs" time="0.013" /><testcase classname="tests.unit.wave.test_wave_layer_network" name="test_wave_network_forwards_layer_kwargs" time="0.016" /><testcase classname="tests.unit.wave.test_wave_neuron" name="test_wave_outputs_quadrature_and_phase_range" time="0.004" /><testcase classname="tests.unit.wave.test_wave_neuron" name="test_cooperative_integration_uses_multiple_dendrites" time="0.004" /><testcase classname="tests.unit.wave.test_wave_neuron" name="test_wave_step_id_thread_safe_increment" time="0.050" /></testsuite></testsuites>